2015-10-28 18:42:22,324 ERROR - Apple.Application.Base.Config.AppleConfig >> System.IO.FileNotFoundException: Could not find file 'C:\Users\Davinia\Documents\GitHub\Apple\Apple\bin\Debug\config.ini'.
File name: 'C:\Users\Davinia\Documents\GitHub\Apple\Apple\bin\Debug\config.ini'
   at System.IO.__Error.WinIOError(Int32 errorCode, String maybeFullPath)
   at System.IO.FileStream.Init(String path, FileMode mode, FileAccess access, Int32 rights, Boolean useRights, FileShare share, Int32 bufferSize, FileOptions options, SECURITY_ATTRIBUTES secAttrs, String msgPath, Boolean bFromProxy, Boolean useLongPath, Boolean checkHost)
   at System.IO.FileStream..ctor(String path, FileMode mode, FileAccess access, FileShare share, Int32 bufferSize, FileOptions options, String msgPath, Boolean bFromProxy, Boolean useLongPath, Boolean checkHost)
   at System.IO.StreamReader..ctor(String path, Encoding encoding, Boolean detectEncodingFromByteOrderMarks, Int32 bufferSize, Boolean checkHost)
   at System.IO.StreamReader..ctor(String path, Encoding encoding)
   at System.IO.File.ReadLines(String path)
   at Apple.Application.Base.Config.AppleConfig.Initialize() in c:\Users\Davinia\Documents\GitHub\Apple\Apple\Application\Base\Config\AppleConfig.cs:line 53
2015-10-29 23:09:38,144 INFO  - Apple.Application.Game.Players.PlayerManager >> Incoming connection from 127.0.0.1
2015-10-29 23:09:38,235 INFO  - Apple.Application.Game.Players.PlayerManager >> Incoming connection from 127.0.0.1
2015-10-29 23:09:38,606 ERROR - Apple.Application.Game.Players.Player >> System.NullReferenceException: Object reference not set to an instance of an object.
   at Apple.Application.Game.Players.Player.OnReceiveData(IAsyncResult AsyncResult) in c:\Users\Davinia\Documents\GitHub\Apple\Apple\Application\Game\Players\Player.cs:line 83
2015-10-29 23:09:38,637 ERROR - Apple.Application.Game.Players.Player >> System.NullReferenceException: Object reference not set to an instance of an object.
   at Apple.Application.Game.Players.Player.OnReceiveData(IAsyncResult AsyncResult) in c:\Users\Davinia\Documents\GitHub\Apple\Apple\Application\Game\Players\Player.cs:line 83
2015-10-29 23:09:38,642 ERROR - Apple.Application.Game.Players.Player >> System.NullReferenceException: Object reference not set to an instance of an object.
   at Apple.Application.Game.Players.Player.OnReceiveData(IAsyncResult AsyncResult) in c:\Users\Davinia\Documents\GitHub\Apple\Apple\Application\Game\Players\Player.cs:line 83
2015-10-29 23:09:38,652 ERROR - Apple.Application.Game.Players.Player >> System.NullReferenceException: Object reference not set to an instance of an object.
   at Apple.Application.Game.Players.Player.OnReceiveData(IAsyncResult AsyncResult) in c:\Users\Davinia\Documents\GitHub\Apple\Apple\Application\Game\Players\Player.cs:line 83
2015-10-29 23:09:38,659 ERROR - Apple.Application.Game.Players.Player >> System.NullReferenceException: Object reference not set to an instance of an object.
   at Apple.Application.Game.Players.Player.OnReceiveData(IAsyncResult AsyncResult) in c:\Users\Davinia\Documents\GitHub\Apple\Apple\Application\Game\Players\Player.cs:line 83
2015-10-29 23:09:38,666 ERROR - Apple.Application.Game.Players.Player >> System.NullReferenceException: Object reference not set to an instance of an object.
   at Apple.Application.Game.Players.Player.OnReceiveData(IAsyncResult AsyncResult) in c:\Users\Davinia\Documents\GitHub\Apple\Apple\Application\Game\Players\Player.cs:line 83
2015-10-29 23:09:38,673 ERROR - Apple.Application.Game.Players.Player >> System.NullReferenceException: Object reference not set to an instance of an object.
   at Apple.Application.Game.Players.Player.OnReceiveData(IAsyncResult AsyncResult) in c:\Users\Davinia\Documents\GitHub\Apple\Apple\Application\Game\Players\Player.cs:line 83
2015-10-29 23:09:38,680 ERROR - Apple.Application.Game.Players.Player >> System.NullReferenceException: Object reference not set to an instance of an object.
   at Apple.Application.Game.Players.Player.OnReceiveData(IAsyncResult AsyncResult) in c:\Users\Davinia\Documents\GitHub\Apple\Apple\Application\Game\Players\Player.cs:line 83
2015-10-29 23:09:38,687 ERROR - Apple.Application.Game.Players.Player >> System.NullReferenceException: Object reference not set to an instance of an object.
   at Apple.Application.Game.Players.Player.OnReceiveData(IAsyncResult AsyncResult) in c:\Users\Davinia\Documents\GitHub\Apple\Apple\Application\Game\Players\Player.cs:line 83
2015-10-29 23:09:38,694 ERROR - Apple.Application.Game.Players.Player >> System.NullReferenceException: Object reference not set to an instance of an object.
   at Apple.Application.Game.Players.Player.OnReceiveData(IAsyncResult AsyncResult) in c:\Users\Davinia\Documents\GitHub\Apple\Apple\Application\Game\Players\Player.cs:line 83
2015-10-29 23:09:38,701 ERROR - Apple.Application.Game.Players.Player >> System.NullReferenceException: Object reference not set to an instance of an object.
   at Apple.Application.Game.Players.Player.OnReceiveData(IAsyncResult AsyncResult) in c:\Users\Davinia\Documents\GitHub\Apple\Apple\Application\Game\Players\Player.cs:line 83
2015-10-29 23:09:38,708 ERROR - Apple.Application.Game.Players.Player >> System.NullReferenceException: Object reference not set to an instance of an object.
   at Apple.Application.Game.Players.Player.OnReceiveData(IAsyncResult AsyncResult) in c:\Users\Davinia\Documents\GitHub\Apple\Apple\Application\Game\Players\Player.cs:line 83
2015-10-29 23:09:38,718 ERROR - Apple.Application.Game.Players.Player >> System.NullReferenceException: Object reference not set to an instance of an object.
   at Apple.Application.Game.Players.Player.OnReceiveData(IAsyncResult AsyncResult) in c:\Users\Davinia\Documents\GitHub\Apple\Apple\Application\Game\Players\Player.cs:line 83
2015-10-29 23:09:38,725 ERROR - Apple.Application.Game.Players.Player >> System.NullReferenceException: Object reference not set to an instance of an object.
   at Apple.Application.Game.Players.Player.OnReceiveData(IAsyncResult AsyncResult) in c:\Users\Davinia\Documents\GitHub\Apple\Apple\Application\Game\Players\Player.cs:line 83
2015-10-29 23:09:38,732 ERROR - Apple.Application.Game.Players.Player >> System.NullReferenceException: Object reference not set to an instance of an object.
   at Apple.Application.Game.Players.Player.OnReceiveData(IAsyncResult AsyncResult) in c:\Users\Davinia\Documents\GitHub\Apple\Apple\Application\Game\Players\Player.cs:line 83
2015-10-29 23:09:38,739 ERROR - Apple.Application.Game.Players.Player >> System.NullReferenceException: Object reference not set to an instance of an object.
   at Apple.Application.Game.Players.Player.OnReceiveData(IAsyncResult AsyncResult) in c:\Users\Davinia\Documents\GitHub\Apple\Apple\Application\Game\Players\Player.cs:line 83
2015-10-29 23:09:38,745 ERROR - Apple.Application.Game.Players.Player >> System.NullReferenceException: Object reference not set to an instance of an object.
   at Apple.Application.Game.Players.Player.OnReceiveData(IAsyncResult AsyncResult) in c:\Users\Davinia\Documents\GitHub\Apple\Apple\Application\Game\Players\Player.cs:line 83
2015-10-29 23:09:38,752 ERROR - Apple.Application.Game.Players.Player >> System.NullReferenceException: Object reference not set to an instance of an object.
   at Apple.Application.Game.Players.Player.OnReceiveData(IAsyncResult AsyncResult) in c:\Users\Davinia\Documents\GitHub\Apple\Apple\Application\Game\Players\Player.cs:line 83
2015-10-29 23:09:38,775 ERROR - Apple.Application.Game.Players.Player >> System.IndexOutOfRangeException: Index was outside the bounds of the array.
   at Apple.Application.Game.Players.Player.OnReceiveData(IAsyncResult AsyncResult) in c:\Users\Davinia\Documents\GitHub\Apple\Apple\Application\Game\Players\Player.cs:line 83
2015-10-29 23:10:39,261 INFO  - Apple.Application.Game.Players.PlayerManager >> Incoming connection from 127.0.0.1
2015-10-29 23:10:39,335 INFO  - Apple.Application.Game.Players.PlayerManager >> Incoming connection from 127.0.0.1
2015-10-29 23:10:39,449 ERROR - Apple.Application.Game.Players.Player >> System.OverflowException: Arithmetic operation resulted in an overflow.
   at Apple.Application.Game.Players.Player.OnReceiveData(IAsyncResult AsyncResult) in c:\Users\Davinia\Documents\GitHub\Apple\Apple\Application\Game\Players\Player.cs:line 96
